Poll error: items is not iterable
Poll failed - backing off 1000
Poll error: items is not iterable
Poll failed - backing off 2000
Poll error: items is not iterable
Poll failed - backing off 4000
Poll error: items is not iterable
Poll failed - backing off 8000
Poll error: items is not iterable
Poll failed - backing off 16000
Poll error: items is not iterable
Poll failed - backing off 32000
Error checking thresholds: TypeError: Settings.getSettings is not a function
    at checkThresholds (C:\xampp\htdocs\beantobin\system\backend\routes\sensors.js:35:37)
    at C:\xampp\htdocs\beantobin\system\backend\routes\sensors.js:188:30
    at C:\xampp\htdocs\beantobin\system\backend\routes\sensors.js:197:7
Poll error: items is not iterable
Poll failed - backing off 60000
Poll error: items is not iterable
Poll failed - backing off 60000
Poll error: items is not iterable
Poll failed - backing off 60000
Poll error: items is not iterable
Poll failed - backing off 60000
Poll error: items is not iterable
Poll failed - backing off 60000
Poll error: items is not iterable
Poll failed - backing off 60000
Error fetching recent alerts: TypeError: Alert.find is not a function
    at C:\xampp\htdocs\beantobin\system\backend\routes\alerts.js:88:32
    at Layer.handle [as handle_request] (C:\xampp\htdocs\beantobin\system\backend\node_modules\express\lib\router\layer.js:95:5)
    at next (C:\xampp\htdocs\beantobin\system\backend\node_modules\express\lib\router\route.js:149:13)
    at auth (C:\xampp\htdocs\beantobin\system\backend\middleware\auth.js:29:5)
Poll error: items is not iterable
Poll failed - backing off 60000
Poll error: items is not iterable
Poll failed - backing off 60000
Poll error: items is not iterable
Poll failed - backing off 60000
Poll error: items is not iterable
Poll failed - backing off 60000
Poll error: items is not iterable
Poll failed - backing off 60000
Poll error: items is not iterable
Poll failed - backing off 60000
Poll error: items is not iterable
Poll failed - backing off 60000
Poll error: items is not iterable
Poll failed - backing off 60000
Poll error: items is not iterable
Poll failed - backing off 60000
Poll error: items is not iterable
Poll failed - backing off 60000
Poll error: items is not iterable
Poll failed - backing off 60000
Poll error: items is not iterable
Poll failed - backing off 60000
Poll error: items is not iterable
Poll failed - backing off 60000
Poll error: items is not iterable
Poll failed - backing off 60000
Poll error: items is not iterable
Poll failed - backing off 60000
Poll error: items is not iterable
Poll failed - backing off 60000
Poll error: items is not iterable
Poll failed - backing off 60000
Poll error: items is not iterable
Poll failed - backing off 60000
Poll error: items is not iterable
Poll failed - backing off 60000
Poll error: items is not iterable
Poll failed - backing off 60000
Poll error: items is not iterable
Poll failed - backing off 60000
Poll error: items is not iterable
Poll failed - backing off 60000
Poll error: items is not iterable
Poll failed - backing off 60000
Poll error: items is not iterable
Poll failed - backing off 60000
Poll error: items is not iterable
Poll failed - backing off 60000
Poll error: items is not iterable
Poll failed - backing off 60000
Poll error: items is not iterable
Poll failed - backing off 60000
Poll error: items is not iterable
Poll failed - backing off 60000
Poll error: items is not iterable
Poll failed - backing off 60000
Poll error: items is not iterable
Poll failed - backing off 60000
Poll error: items is not iterable
Poll failed - backing off 60000
Poll error: items is not iterable
Poll failed - backing off 60000
Poll error: items is not iterable
Poll failed - backing off 60000
Poll error: items is not iterable
Poll failed - backing off 60000
Poll error: items is not iterable
Poll failed - backing off 60000
Poll error: items is not iterable
Poll failed - backing off 60000
Poll error: items is not iterable
Poll failed - backing off 60000
Poll error: items is not iterable
Poll failed - backing off 60000
Poll error: items is not iterable
Poll failed - backing off 60000
